<?xml version="1.0" encoding="UTF-8"?>
<testsuite name="com.goanna.ApplicationTests" tests="1" skipped="0" failures="0" errors="0" timestamp="2021-07-23T01:51:52" hostname="DESKTOP-TL4286R" time="0.321">
  <properties/>
  <testcase name="contextLoads()" classname="com.goanna.ApplicationTests" time="0.321"/>
  <system-out><![CDATA[11:51:50.213 [Test worker] DEBUG org.springframework.test.context.BootstrapUtils - Instantiating CacheAwareContextLoaderDelegate from class [org.springframework.test.context.cache.DefaultCacheAwareContextLoaderDelegate]
11:51:50.225 [Test worker] DEBUG org.springframework.test.context.BootstrapUtils - Instantiating BootstrapContext using constructor [public org.springframework.test.context.support.DefaultBootstrapContext(java.lang.Class,org.springframework.test.context.CacheAwareContextLoaderDelegate)]
11:51:50.256 [Test worker] DEBUG org.springframework.test.context.BootstrapUtils - Instantiating TestContextBootstrapper for test class [com.goanna.ApplicationTests] from class [org.springframework.boot.test.context.SpringBootTestContextBootstrapper]
11:51:50.266 [Test worker] INFO org.springframework.boot.test.context.SpringBootTestContextBootstrapper - Neither @ContextConfiguration nor @ContextHierarchy found for test class [com.goanna.ApplicationTests], using SpringBootContextLoader
11:51:50.269 [Test worker] DEBUG org.springframework.test.context.support.AbstractContextLoader - Did not detect default resource location for test class [com.goanna.ApplicationTests]: class path resource [com/goanna/ApplicationTests-context.xml] does not exist
11:51:50.270 [Test worker] DEBUG org.springframework.test.context.support.AbstractContextLoader - Did not detect default resource location for test class [com.goanna.ApplicationTests]: class path resource [com/goanna/ApplicationTestsContext.groovy] does not exist
11:51:50.270 [Test worker] INFO org.springframework.test.context.support.AbstractContextLoader - Could not detect default resource locations for test class [com.goanna.ApplicationTests]: no resource found for suffixes {-context.xml, Context.groovy}.
11:51:50.271 [Test worker] INFO org.springframework.test.context.support.AnnotationConfigContextLoaderUtils - Could not detect default configuration classes for test class [com.goanna.ApplicationTests]: ApplicationTests does not declare any static, non-private, non-final, nested classes annotated with @Configuration.
11:51:50.310 [Test worker] DEBUG org.springframework.test.context.support.ActiveProfilesUtils - Could not find an 'annotation declaring class' for annotation type [org.springframework.test.context.ActiveProfiles] and class [com.goanna.ApplicationTests]
11:51:50.377 [Test worker] DEBUG org.springframework.context.annotation.ClassPathScanningCandidateComponentProvider - Identified candidate component class: file [C:\Users\petko\eclipse-workspace\GithubQuiz3\build\classes\java\main\com\goanna\Application.class]
11:51:50.378 [Test worker] INFO org.springframework.boot.test.context.SpringBootTestContextBootstrapper - Found @SpringBootConfiguration com.goanna.Application for test class com.goanna.ApplicationTests
11:51:50.482 [Test worker] DEBUG org.springframework.boot.test.context.SpringBootTestContextBootstrapper - @TestExecutionListeners is not present for class [com.goanna.ApplicationTests]: using defaults.
11:51:50.483 [Test worker] INFO org.springframework.boot.test.context.SpringBootTestContextBootstrapper - Loaded default TestExecutionListener class names from location [META-INF/spring.factories]: [org.springframework.boot.test.autoconfigure.restdocs.RestDocsTestExecutionListener, org.springframework.boot.test.autoconfigure.web.client.MockRestServiceServerResetTestExecutionListener, org.springframework.boot.test.autoconfigure.web.servlet.MockMvcPrintOnlyOnFailureTestExecutionListener, org.springframework.boot.test.autoconfigure.web.servlet.WebDriverTestExecutionListener, org.springframework.boot.test.autoconfigure.webservices.client.MockWebServiceServerTestExecutionListener, org.springframework.boot.test.mock.mockito.MockitoTestExecutionListener, org.springframework.boot.test.mock.mockito.ResetMocksTestExecutionListener, org.springframework.test.context.web.ServletTestExecutionListener, org.springframework.test.context.support.DirtiesContextBeforeModesTestExecutionListener, org.springframework.test.context.event.ApplicationEventsTestExecutionListener, org.springframework.test.context.support.DependencyInjectionTestExecutionListener, org.springframework.test.context.support.DirtiesContextTestExecutionListener, org.springframework.test.context.transaction.TransactionalTestExecutionListener, org.springframework.test.context.jdbc.SqlScriptsTestExecutionListener, org.springframework.test.context.event.EventPublishingTestExecutionListener]
11:51:50.493 [Test worker] DEBUG org.springframework.boot.test.context.SpringBootTestContextBootstrapper - Skipping candidate TestExecutionListener [org.springframework.test.context.transaction.TransactionalTestExecutionListener] due to a missing dependency. Specify custom listener classes or make the default listener classes and their required dependencies available. Offending class: [org/springframework/transaction/interceptor/TransactionAttributeSource]
11:51:50.494 [Test worker] DEBUG org.springframework.boot.test.context.SpringBootTestContextBootstrapper - Skipping candidate TestExecutionListener [org.springframework.test.context.jdbc.SqlScriptsTestExecutionListener] due to a missing dependency. Specify custom listener classes or make the default listener classes and their required dependencies available. Offending class: [org/springframework/transaction/interceptor/TransactionAttribute]
11:51:50.494 [Test worker] INFO org.springframework.boot.test.context.SpringBootTestContextBootstrapper - Using TestExecutionListeners: [org.springframework.test.context.web.ServletTestExecutionListener@5e3d8cb2, org.springframework.test.context.support.DirtiesContextBeforeModesTestExecutionListener@22ce04ab, org.springframework.test.context.event.ApplicationEventsTestExecutionListener@3d55dbc2, org.springframework.boot.test.mock.mockito.MockitoTestExecutionListener@719e5346, org.springframework.boot.test.autoconfigure.SpringBootDependencyInjectionTestExecutionListener@43f409db, org.springframework.test.context.support.DirtiesContextTestExecutionListener@114da652, org.springframework.test.context.event.EventPublishingTestExecutionListener@255f472, org.springframework.boot.test.autoconfigure.restdocs.RestDocsTestExecutionListener@152931d, org.springframework.boot.test.autoconfigure.web.client.MockRestServiceServerResetTestExecutionListener@628bf83d, org.springframework.boot.test.autoconfigure.web.servlet.MockMvcPrintOnlyOnFailureTestExecutionListener@1e08bd08, org.springframework.boot.test.autoconfigure.web.servlet.WebDriverTestExecutionListener@33533cdf, org.springframework.boot.test.autoconfigure.webservices.client.MockWebServiceServerTestExecutionListener@260c8bd3, org.springframework.boot.test.mock.mockito.ResetMocksTestExecutionListener@1b7bc53f]
11:51:50.498 [Test worker] DEBUG org.springframework.test.context.support.AbstractDirtiesContextTestExecutionListener - Before test class: context [DefaultTestContext@4e2c3e42 testClass = ApplicationTests, testInstance = [null], testMethod = [null], testException = [null], mergedContextConfiguration = [WebMergedContextConfiguration@1f36f2ca testClass = ApplicationTests, locations = '{}', classes = '{class com.goanna.Application}', contextInitializerClasses = '[]', activeProfiles = '{}', propertySourceLocations = '{}', propertySourceProperties = '{org.springframework.boot.test.context.SpringBootTestContextBootstrapper=true}', contextCustomizers = set[org.springframework.boot.test.autoconfigure.actuate.metrics.MetricsExportContextCustomizerFactory$DisableMetricExportContextCustomizer@ba7f1f0, org.springframework.boot.test.autoconfigure.properties.PropertyMappingContextCustomizer@0, org.springframework.boot.test.autoconfigure.web.servlet.WebDriverContextCustomizerFactory$Customizer@5da338db, org.springframework.boot.test.context.filter.ExcludeFilterContextCustomizer@529be5bf, org.springframework.boot.test.json.DuplicateJsonObjectContextCustomizerFactory$DuplicateJsonObjectContextCustomizer@15b72ea6, org.springframework.boot.test.mock.mockito.MockitoContextCustomizer@0, org.springframework.boot.test.web.client.TestRestTemplateContextCustomizer@2f10d087, org.springframework.boot.test.context.SpringBootTestArgs@1, org.springframework.boot.test.context.SpringBootTestWebEnvironment@1ec99e62], resourceBasePath = 'src/main/webapp', contextLoader = 'org.springframework.boot.test.context.SpringBootContextLoader', parent = [null]], attributes = map['org.springframework.test.context.web.ServletTestExecutionListener.activateListener' -> true]], class annotated with @DirtiesContext [false] with mode [null].
11:51:50.537 [Test worker] DEBUG org.springframework.test.context.support.TestPropertySourceUtils - Adding inlined properties to environment: {spring.jmx.enabled=false, org.springframework.boot.test.context.SpringBootTestContextBootstrapper=true}

  .   ____          _            __ _ _
 /\\ / ___'_ __ _ _(_)_ __  __ _ \ \ \ \
( ( )\___ | '_ | '_| | '_ \/ _` | \ \ \ \
 \\/  ___)| |_)| | | | | || (_| |  ) ) ) )
  '  |____| .__|_| |_|_| |_\__, | / / / /
 =========|_|==============|___/=/_/_/_/
 :: Spring Boot ::                (v2.5.2)

2021-07-23 11:51:50.765  INFO 24496 --- [    Test worker] com.goanna.ApplicationTests              : Starting ApplicationTests using Java 16.0.1 on DESKTOP-TL4286R with PID 24496 (started by petko in C:\Users\petko\eclipse-workspace\GithubQuiz3)
2021-07-23 11:51:50.767  INFO 24496 --- [    Test worker] com.goanna.ApplicationTests              : No active profile set, falling back to default profiles: default
2021-07-23 11:51:52.096  INFO 24496 --- [    Test worker] com.goanna.ApplicationTests              : Started ApplicationTests in 1.55 seconds (JVM running for 2.566)
]]></system-out>
  <system-err><![CDATA[]]></system-err>
</testsuite>
